Arguments: 
  /usr/local/Cellar/node/19.6.0/bin/node /usr/local/Cellar/yarn/1.22.19/libexec/bin/yarn.js global bin

PATH: 
  /usr/local/sbin:/usr/local/bin:/Users/paul/bin:/usr/local/bin:/System/Cryptexes/App/usr/bin:/usr/bin:/bin:/usr/sbin:/sbin:/usr/local/go/bin:/Library/Apple/usr/bin:/Users/paul/.local/share/nvm/versions/node/v20.1.0/bin:/Users/paul/.rbenv/shims:/usr/local/opt/v8@3.15/bin:/usr/local/sbin:/Users/paul/bin:/opt/yarn-[version]/bin:/Users/paul/.local/share/npm/bin:/Users/paul/.rvm/bin:/opt/yarn-[version]/bin

Yarn version: 
  1.22.19

Node version: 
  19.6.0

Platform: 
  darwin x64

Trace: 
  Error: Failed to replace env in config: ${XDG_RUNTIME_DIR}
      at /usr/local/Cellar/yarn/1.22.19/libexec/lib/cli.js:94933:13
      at String.replace (<anonymous>)
      at envReplace (/usr/local/Cellar/yarn/1.22.19/libexec/lib/cli.js:94928:16)
      at Function.normalizeConfig (/usr/local/Cellar/yarn/1.22.19/libexec/lib/cli.js:31938:69)
      at NpmRegistry.<anonymous> (/usr/local/Cellar/yarn/1.22.19/libexec/lib/cli.js:31968:34)
      at Generator.next (<anonymous>)
      at step (/usr/local/Cellar/yarn/1.22.19/libexec/lib/cli.js:310:30)
      at /usr/local/Cellar/yarn/1.22.19/libexec/lib/cli.js:321:13

npm manifest: 
  No manifest

yarn manifest: 
  No manifest

Lockfile: 
  No lockfile
